<?xml version="1.0" encoding="UTF-8"?>
<!-- Generated by org.testng.reporters.JUnitReportReporter -->
<testsuite skipped="0" hostname="madhavi" name="com.jbk.qa.testcase.Logintest" tests="1" failures="0" timestamp="24 Oct 2018 11:58:14 GMT" time="15.161" errors="0">
  <testcase name="logintitleTest" time="15.161" classname="com.jbk.qa.testcase.Logintest"/>
</testsuite> <!-- com.jbk.qa.testcase.Logintest -->
