<?xml version="1.0" encoding="UTF-8"?>
<!-- Generated by org.testng.reporters.JUnitReportReporter -->
<testsuite skipped="0" hostname="madhavi" name="com.jbk.qa.testcase.ContactTest" tests="1" failures="0" timestamp="27 Nov 2018 08:22:26 GMT" time="18.384" errors="0">
  <testcase name="contacttitle" time="18.384" classname="com.jbk.qa.testcase.ContactTest"/>
</testsuite> <!-- com.jbk.qa.testcase.ContactTest -->
