<?xml version="1.0" encoding="UTF-8"?>
<!-- Generated by org.testng.reporters.JUnitReportReporter -->
<testsuite skipped="0" hostname="madhavi" name="com.jbk.qa.testcase.Aboutsirtest" tests="1" failures="0" timestamp="27 Nov 2018 08:22:25 GMT" time="15.364" errors="0">
  <testcase name="AboutsirtitleTest" time="15.364" classname="com.jbk.qa.testcase.Aboutsirtest"/>
</testsuite> <!-- com.jbk.qa.testcase.Aboutsirtest -->
