<?xml version="1.0" encoding="UTF-8"?>
<!-- Generated by org.testng.reporters.JUnitReportReporter -->
<testsuite skipped="0" hostname="madhavi" name="com.jbk.qa.testcase.Hometst" tests="1" failures="0" timestamp="27 Nov 2018 08:22:25 GMT" time="7.930" errors="0">
  <testcase name="HomepageTitleTest" time="7.930" classname="com.jbk.qa.testcase.Hometst"/>
</testsuite> <!-- com.jbk.qa.testcase.Hometst -->
